TN:
SF:/home/oxoft/Documents/Real-State-Dapp/contracts/RealEstate.sol
FN:24,constructor
FN:28,onlySeller
FN:32,onlyBuyer
FN:36,withdrawalBalance
FN:41,newPropertyPublication
FN:46,propertiesCount
FN:49,soldPropertiesCount
FN:52,getProperty
FN:56,buyAProperty
FN:64,getBalance
FN:67,transferBalance
FNF:11
FNH:11
FNDA:14,constructor
FNDA:13,onlySeller
FNDA:5,onlyBuyer
FNDA:3,withdrawalBalance
FNDA:6,newPropertyPublication
FNDA:1,propertiesCount
FNDA:1,soldPropertiesCount
FNDA:1,getProperty
FNDA:3,buyAProperty
FNDA:2,getBalance
FNDA:1,transferBalance
DA:25,14
DA:29,13
DA:30,11
DA:33,5
DA:34,3
DA:37,3
DA:38,1
DA:42,6
DA:43,6
DA:44,6
DA:47,1
DA:50,1
DA:53,1
DA:54,1
DA:57,3
DA:58,3
DA:59,3
DA:60,3
DA:61,3
DA:62,3
DA:65,2
DA:68,1
DA:69,1
DA:70,1
LF:24
LH:24
BRDA:29,1,0,11
BRDA:29,1,1,2
BRDA:33,2,0,3
BRDA:33,2,1,2
BRDA:37,3,0,1
BRDA:37,3,1,2
BRF:6
BRH:6
end_of_record
